<?xml version="1.0" encoding="UTF-8"?>
<!-- Generated by org.testng.reporters.JUnitReportReporter -->
<testsuite skipped="0" hostname="LAPTOP-NELNLQNK" name="tests.JSONSchemaValidator" tests="1" failures="0" timestamp="2022-03-21T01:00:50 EDT" time="2.893" errors="0">
  <testcase name="jsonSchemaValidator1" time="2.893" classname="tests.JSONSchemaValidator"/>
  <system-out/>
</testsuite> <!-- tests.JSONSchemaValidator -->
