<?xml version="1.0" encoding="UTF-8"?>
<!-- Generated by org.testng.reporters.JUnitReportReporter -->
<testsuite skipped="0" hostname="LAPTOP-NELNLQNK" name="tests.PutPatchDeleteExample" tests="3" failures="0" timestamp="2022-03-20T18:07:28 EDT" time="3.312" errors="0">
  <testcase name="testDelete" time="2.353" classname="tests.PutPatchDeleteExample"/>
  <system-out/>
  <testcase name="testPut" time="0.418" classname="tests.PutPatchDeleteExample"/>
  <system-out/>
  <testcase name="testPatch" time="0.541" classname="tests.PutPatchDeleteExample"/>
  <system-out/>
</testsuite> <!-- tests.PutPatchDeleteExample -->
