<?xml version="1.0" encoding="UTF-8"?>
<!-- Generated by org.testng.reporters.JUnitReportReporter -->
<testsuite skipped="0" hostname="LAPTOP-NELNLQNK" name="tests.TestExamples" tests="2" failures="0" timestamp="2022-03-20T16:18:04 EDT" time="3.688" errors="0">
  <testcase name="testOne" time="2.560" classname="tests.TestExamples"/>
  <system-out/>
  <testcase name="testTwo" time="1.128" classname="tests.TestExamples"/>
  <system-out/>
</testsuite> <!-- tests.TestExamples -->
